Arguments: 
  /usr/bin/node /usr/bin/yarn

PATH: 
  /home/gabriel/.zinit/polaris/bin:/usr/local/sbin:/usr/local/bin:/usr/sbin:/usr/bin:/sbin:/bin:/usr/games:/usr/local/games:/snap/bin:/home/gabriel/Android/Sdk/emulator:/home/gabriel/Android/Sdk/tools:/home/gabriel/Android/Sdk/tools/bin:/home/gabriel/Android/Sdk/platform-tools:/home/gabriel/android-studio/bin

Yarn version: 
  1.22.11

Node version: 
  14.20.0

Platform: 
  linux x64

Trace: 
  SyntaxError: /home/gabriel/Área de Trabalho/Projetos/twd-clean-architecture/twd-clean-architecture-api/package.json: Unexpected token / in JSON at position 1652
      at JSON.parse (<anonymous>)
      at /usr/lib/node_modules/yarn/lib/cli.js:1625:59
      at Generator.next (<anonymous>)
      at step (/usr/lib/node_modules/yarn/lib/cli.js:310:30)
      at /usr/lib/node_modules/yarn/lib/cli.js:321:13

npm manifest: 
  {
    "name": "twd-clean-architecture-api",
    "version": "1.0.0",
    "description": "",
    "main": "index.js",
    "scripts": {
      "start": "node dist/main/server.js",
      "build": "rimraf dist && tsc -p tsconfig-build.json",
      "dev": "node -r dotenv/config dist/main/server.js",
      "test": "jest --passWithNoTests --silent --noStackTrace --runInBand",
      "test-verbose": "jest --passWithNoTests --runInBand",
      "test-unit": "npm test -- --watch -c jest-unit-config.js",
      "test-integration": "npm test -- --watch -c jest-integration-config.js",
      "test-staged": "npm test -- --findRelatedTests",
      "test-ci": "npm test -- --coverage",
      "prepare": "husky install"
    },
    "keywords": [],
    "author": "",
    "license": "ISC",
    "devDependencies": {
      "@shelf/jest-mongodb": "^1.2.3",
      "@types/express": "^4.17.11",
      "@types/jest": "^26.0.15",
      "@types/mongodb": "^3.6.7",
      "@types/node": "^14.17.27",
      "@types/nodemailer": "^6.4.4",
      "@types/supertest": "^2.0.10",
      "@typescript-eslint/eslint-plugin": "^4.33.0",
      "@typescript-eslint/parser": "^4.33.0",
      "eslint": "^7.32.0",
      "eslint-config-standard": "^16.0.1",
      "eslint-plugin-import": "^2.25.2",
      "eslint-plugin-node": "^11.1.0",
      "eslint-plugin-promise": "^4.2.1",
      "git-commit-msg-linter": "^3.2.8",
      "husky": "^4.3.0",
      "jest": "^26.6.3",
      "lint-staged": "^10.5.1",
      "rimraf": "^3.0.2",
      "supertest": "^6.1.6",
      "ts-jest": "^26.4.3",
      "typescript": "^4.4.4"
    },
    "dependencies": {
      "dotenv": "^10.0.0",
      "express": "^4.17.1",
      "module-alias": "^2.2.2",
      "mongodb": "^3.7.3",
      "nodemailer": "^6.7.0"
    },
    // "_moduleAliases": {
    //   "@": "dist"
    // }
  }

yarn manifest: 
  No manifest

Lockfile: 
  No lockfile
